INFO:aiogram.dispatcher:Start polling
INFO:aiogram.dispatcher:Run polling for bot @Test_meto_bot id=7221865289 - 'test_mero_bot'
INFO:aiogram.event:Update id=294539737 is handled. Duration 442 ms by bot id=7221865289
INFO:aiogram.event:Update id=294539738 is not handled. Duration 1 ms by bot id=7221865289
INFO:root:Группа ПИ-1231 начала игру.
INFO:aiogram.event:Update id=294539739 is handled. Duration 99 ms by bot id=7221865289
INFO:aiogram.event:Update id=294539740 is handled. Duration 90 ms by bot id=7221865289
INFO:aiogram.event:Update id=294539741 is handled. Duration 222 ms by bot id=7221865289
INFO:aiogram.event:Update id=294539742 is handled. Duration 149 ms by bot id=7221865289
INFO:aiogram.event:Update id=294539743 is handled. Duration 220 ms by bot id=7221865289
INFO:aiogram.event:Update id=294539744 is handled. Duration 1132 ms by bot id=7221865289
INFO:aiogram.event:Update id=294539745 is handled. Duration 565 ms by bot id=7221865289
INFO:aiogram.event:Update id=294539746 is handled. Duration 118 ms by bot id=7221865289
INFO:root:Группа ПИ-2301 начала игру.
INFO:aiogram.event:Update id=294539747 is handled. Duration 114 ms by bot id=7221865289
INFO:aiogram.event:Update id=294539748 is handled. Duration 227 ms by bot id=7221865289
INFO:aiogram.event:Update id=294539749 is handled. Duration 273 ms by bot id=7221865289
INFO:aiogram.event:Update id=294539750 is handled. Duration 1086 ms by bot id=7221865289
ERROR:aiogram.dispatcher:Failed to fetch updates - TelegramNetworkError: HTTP Client says - Request timeout error
WARNING:aiogram.dispatcher:Sleep for 1.000000 seconds and try again... (tryings = 0, bot id = 7221865289)
INFO:aiogram.dispatcher:Connection established (tryings = 1, bot id = 7221865289)
ERROR:aiogram.dispatcher:Failed to fetch updates - TelegramNetworkError: HTTP Client says - Request timeout error
WARNING:aiogram.dispatcher:Sleep for 1.000000 seconds and try again... (tryings = 0, bot id = 7221865289)
INFO:aiogram.dispatcher:Connection established (tryings = 1, bot id = 7221865289)
WARNING:aiogram.dispatcher:Received SIGINT signal
INFO:aiogram.dispatcher:Polling stopped for bot @Test_meto_bot id=7221865289 - 'test_mero_bot'
INFO:aiogram.dispatcher:Polling stopped
